<?xml version="1.0" encoding="UTF-8"?>
<!-- Generated by org.testng.reporters.JUnitReportReporter -->
<testsuite hostname="DESKTOP-V8USVGF" failures="0" tests="3" name="com.regressiontestcases.RegressionTests" time="143.222" errors="0" timestamp="2023-05-19T07:17:58 IST" skipped="0">
  <testcase classname="com.regressiontestcases.RegressionTests" name="upComingBikes" time="48.868"/>
  <system-out/>
  <testcase classname="com.regressiontestcases.RegressionTests" name="usedCars" time="50.907"/>
  <system-out/>
  <testcase classname="com.regressiontestcases.RegressionTests" name="testGoogleSignIn" time="43.447"/>
  <system-out/>
</testsuite> <!-- com.regressiontestcases.RegressionTests -->
