<?xml version="1.0" encoding="UTF-8"?>
<!-- Generated by org.testng.reporters.JUnitReportReporter -->
<testsuite hostname="DESKTOP-V8USVGF" failures="0" tests="3" name="test.AllTests" time="126.947" errors="0" timestamp="2023-05-15T11:02:09 IST" skipped="0">
  <testcase classname="test.AllTests" name="upComingBikes" time="41.650"/>
  <system-out/>
  <testcase classname="test.AllTests" name="usedCars" time="53.616"/>
  <system-out/>
  <testcase classname="test.AllTests" name="testGoogleSignIn" time="31.681"/>
  <system-out/>
</testsuite> <!-- test.AllTests -->
