<?xml version="1.0" encoding="UTF-8"?>
<!-- Generated by org.testng.reporters.JUnitReportReporter -->
<testsuite hostname="DESKTOP-V8USVGF" failures="0" tests="3" name="com.smoketestcases.SmokeTest" time="73.776" errors="0" timestamp="2023-05-12T10:42:21 IST" skipped="0">
  <testcase classname="com.smoketestcases.SmokeTest" name="upComingBikes" time="23.580"/>
  <system-out/>
  <testcase classname="com.smoketestcases.SmokeTest" name="usedCars" time="23.203"/>
  <system-out/>
  <testcase classname="com.smoketestcases.SmokeTest" name="testGoogleSignIn" time="26.993"/>
  <system-out/>
</testsuite> <!-- com.smoketestcases.SmokeTest -->
